[debug] [2024-03-08T19:17:57.105Z] ----------------------------------------------------------------------
[debug] [2024-03-08T19:17:57.108Z] Command:       C:\Program Files\nodejs\node.exe C:\Users\Rutuja\AppData\Roaming\npm\node_modules\firebase-tools\lib\bin\firebase.js init
[debug] [2024-03-08T19:17:57.109Z] CLI Version:   13.4.0
[debug] [2024-03-08T19:17:57.109Z] Platform:      win32
[debug] [2024-03-08T19:17:57.110Z] Node Version:  v18.17.1
[debug] [2024-03-08T19:17:57.113Z] Time:          Sat Mar 09 2024 00:47:57 GMT+0530 (India Standard Time)
[debug] [2024-03-08T19:17:57.114Z] ----------------------------------------------------------------------
[debug] 
[debug] [2024-03-08T19:17:57.126Z] >>> [apiv2][query] GET https://firebase-public.firebaseio.com/cli.json [none]
[debug] [2024-03-08T19:17:57.298Z] > command requires scopes: ["email","openid","https://www.googleapis.com/auth/cloudplatformprojects.readonly","https://www.googleapis.com/auth/firebase","https://www.googleapis.com/auth/cloud-platform"]
[debug] [2024-03-08T19:17:57.299Z] > authorizing via signed-in user (rutuja.haladkar@gmail.com)
[info] 
     ######## #### ########  ######## ########     ###     ######  ########
     ##        ##  ##     ## ##       ##     ##  ##   ##  ##       ##
     ######    ##  ########  ######   ########  #########  ######  ######
     ##        ##  ##    ##  ##       ##     ## ##     ##       ## ##
     ##       #### ##     ## ######## ########  ##     ##  ######  ########

You're about to initialize a Firebase project in this directory:

  C:\Users\Rutuja\expense tracker\expense-tracker

[debug] [2024-03-08T19:17:57.956Z] <<< [apiv2][status] GET https://firebase-public.firebaseio.com/cli.json 200
[debug] [2024-03-08T19:17:57.958Z] <<< [apiv2][body] GET https://firebase-public.firebaseio.com/cli.json {"cloudBuildErrorAfter":1594252800000,"cloudBuildWarnAfter":1590019200000,"defaultNode10After":1594252800000,"minVersion":"3.0.5","node8DeploysDisabledAfter":1613390400000,"node8RuntimeDisabledAfter":1615809600000,"node8WarnAfter":1600128000000}
[info] 
=== Project Setup
[info] 
[info] First, let's associate this project directory with a Firebase project.
[info] You can create multiple project aliases by running firebase use --add, 
[info] but for now we'll just set up a default project.
[info] 
[debug] [2024-03-08T19:19:53.678Z] > refreshing access token with scopes: []
[debug] [2024-03-08T19:19:53.680Z] >>> [apiv2][query] POST https://www.googleapis.com/oauth2/v3/token [none]
[debug] [2024-03-08T19:19:53.680Z] >>> [apiv2][body] POST https://www.googleapis.com/oauth2/v3/token [omitted]
[debug] [2024-03-08T19:19:53.946Z] <<< [apiv2][status] POST https://www.googleapis.com/oauth2/v3/token 200
[debug] [2024-03-08T19:19:53.946Z] <<< [apiv2][body] POST https://www.googleapis.com/oauth2/v3/token [omitted]
[debug] [2024-03-08T19:19:53.990Z] >>> [apiv2][query] GET https://firebase.googleapis.com/v1beta1/projects pageSize=100
[debug] [2024-03-08T19:19:54.705Z] <<< [apiv2][status] GET https://firebase.googleapis.com/v1beta1/projects 200
[debug] [2024-03-08T19:19:54.705Z] <<< [apiv2][body] GET https://firebase.googleapis.com/v1beta1/projects [omitted]
[info] i  Using project expense-tracker-c811f (expense-tracker) 
[info] 
=== Firestore Setup
[debug] [2024-03-08T19:21:26.786Z] >>> [apiv2][query] GET https://serviceusage.googleapis.com/v1/projects/expense-tracker-c811f/services/firestore.googleapis.com [none]
[debug] [2024-03-08T19:21:26.787Z] >>> [apiv2][(partial)header] GET https://serviceusage.googleapis.com/v1/projects/expense-tracker-c811f/services/firestore.googleapis.com x-goog-quota-user=projects/expense-tracker-c811f
[debug] [2024-03-08T19:21:28.689Z] <<< [apiv2][status] GET https://serviceusage.googleapis.com/v1/projects/expense-tracker-c811f/services/firestore.googleapis.com 200
[debug] [2024-03-08T19:21:28.690Z] <<< [apiv2][body] GET https://serviceusage.googleapis.com/v1/projects/expense-tracker-c811f/services/firestore.googleapis.com [omitted]
[debug] [2024-03-08T19:21:28.690Z] >>> [apiv2][query] GET https://firestore.googleapis.com/v1/projects/expense-tracker-c811f/databases/(default) [none]
[debug] [2024-03-08T19:21:28.896Z] <<< [apiv2][status] GET https://firestore.googleapis.com/v1/projects/expense-tracker-c811f/databases/(default) 200
[debug] [2024-03-08T19:21:28.896Z] <<< [apiv2][body] GET https://firestore.googleapis.com/v1/projects/expense-tracker-c811f/databases/(default) {"name":"projects/expense-tracker-c811f/databases/(default)","uid":"a870ab0f-99d1-4a95-aba4-96c6ed93a377","createTime":"2024-03-07T16:18:51.272983Z","updateTime":"2024-03-07T16:18:51.272983Z","locationId":"asia-south1","type":"FIRESTORE_NATIVE","concurrencyMode":"PESSIMISTIC","versionRetentionPeriod":"3600s","earliestVersionTime":"2024-03-08T18:21:28.943386Z","appEngineIntegrationMode":"DISABLED","keyPrefix":"j","pointInTimeRecoveryEnablement":"POINT_IN_TIME_RECOVERY_DISABLED","deleteProtectionState":"DELETE_PROTECTION_DISABLED","etag":"ILLCoMqx5YQDMJ2y9I/J4oQD"}
[debug] [2024-03-08T19:21:28.897Z] database_type: FIRESTORE_NATIVE
[debug] [2024-03-08T19:21:28.898Z] > command requires scopes: ["email","openid","https://www.googleapis.com/auth/cloudplatformprojects.readonly","https://www.googleapis.com/auth/firebase","https://www.googleapis.com/auth/cloud-platform"]
[debug] [2024-03-08T19:21:28.899Z] > authorizing via signed-in user (rutuja.haladkar@gmail.com)
[debug] [2024-03-08T19:21:28.899Z] [iam] checking project expense-tracker-c811f for permissions ["firebase.projects.get"]
[debug] [2024-03-08T19:21:28.901Z] >>> [apiv2][query] POST https://cloudresourcemanager.googleapis.com/v1/projects/expense-tracker-c811f:testIamPermissions [none]
[debug] [2024-03-08T19:21:28.901Z] >>> [apiv2][(partial)header] POST https://cloudresourcemanager.googleapis.com/v1/projects/expense-tracker-c811f:testIamPermissions x-goog-quota-user=projects/expense-tracker-c811f
[debug] [2024-03-08T19:21:28.901Z] >>> [apiv2][body] POST https://cloudresourcemanager.googleapis.com/v1/projects/expense-tracker-c811f:testIamPermissions {"permissions":["firebase.projects.get"]}
[debug] [2024-03-08T19:21:30.352Z] <<< [apiv2][status] POST https://cloudresourcemanager.googleapis.com/v1/projects/expense-tracker-c811f:testIamPermissions 200
[debug] [2024-03-08T19:21:30.352Z] <<< [apiv2][body] POST https://cloudresourcemanager.googleapis.com/v1/projects/expense-tracker-c811f:testIamPermissions {"permissions":["firebase.projects.get"]}
[info] 
[info] Firestore Security Rules allow you to define how and when to allow
[info] requests. You can keep these rules in your project directory
[info] and publish them with firebase deploy.
[info] 
[debug] [2024-03-08T19:21:42.913Z] >>> [apiv2][query] GET https://firebaserules.googleapis.com/v1/projects/expense-tracker-c811f/releases pageSize=10&pageToken=
[debug] [2024-03-08T19:21:44.727Z] <<< [apiv2][status] GET https://firebaserules.googleapis.com/v1/projects/expense-tracker-c811f/releases 200
[debug] [2024-03-08T19:21:44.727Z] <<< [apiv2][body] GET https://firebaserules.googleapis.com/v1/projects/expense-tracker-c811f/releases {"releases":[{"name":"projects/expense-tracker-c811f/releases/cloud.firestore","rulesetName":"projects/expense-tracker-c811f/rulesets/2bcd47bf-e7c0-4e50-b23f-0016ccf421d6","createTime":"2024-03-07T16:25:38.575481Z","updateTime":"2024-03-07T16:30:55.769703Z"}]}
[debug] [2024-03-08T19:21:44.728Z] Found ruleset: projects/expense-tracker-c811f/rulesets/2bcd47bf-e7c0-4e50-b23f-0016ccf421d6
[debug] [2024-03-08T19:21:44.729Z] >>> [apiv2][query] GET https://firebaserules.googleapis.com/v1/projects/expense-tracker-c811f/rulesets/2bcd47bf-e7c0-4e50-b23f-0016ccf421d6 [none]
[debug] [2024-03-08T19:21:46.114Z] <<< [apiv2][status] GET https://firebaserules.googleapis.com/v1/projects/expense-tracker-c811f/rulesets/2bcd47bf-e7c0-4e50-b23f-0016ccf421d6 200
[debug] [2024-03-08T19:21:46.115Z] <<< [apiv2][body] GET https://firebaserules.googleapis.com/v1/projects/expense-tracker-c811f/rulesets/2bcd47bf-e7c0-4e50-b23f-0016ccf421d6 [omitted]
[info] 
[info] Firestore indexes allow you to perform complex queries while
[info] maintaining performance that scales with the size of the result
[info] set. You can keep index definitions in your project directory
[info] and publish them with firebase deploy.
[info] 
[info] 
=== Functions Setup
[debug] [2024-03-08T19:21:58.276Z] > command requires scopes: ["email","openid","https://www.googleapis.com/auth/cloudplatformprojects.readonly","https://www.googleapis.com/auth/firebase","https://www.googleapis.com/auth/cloud-platform"]
[debug] [2024-03-08T19:21:58.277Z] > authorizing via signed-in user (rutuja.haladkar@gmail.com)
[debug] [2024-03-08T19:21:58.277Z] [iam] checking project expense-tracker-c811f for permissions ["firebase.projects.get"]
[debug] [2024-03-08T19:21:58.277Z] >>> [apiv2][query] POST https://cloudresourcemanager.googleapis.com/v1/projects/expense-tracker-c811f:testIamPermissions [none]
[debug] [2024-03-08T19:21:58.277Z] >>> [apiv2][(partial)header] POST https://cloudresourcemanager.googleapis.com/v1/projects/expense-tracker-c811f:testIamPermissions x-goog-quota-user=projects/expense-tracker-c811f
[debug] [2024-03-08T19:21:58.278Z] >>> [apiv2][body] POST https://cloudresourcemanager.googleapis.com/v1/projects/expense-tracker-c811f:testIamPermissions {"permissions":["firebase.projects.get"]}
[debug] [2024-03-08T19:21:59.837Z] <<< [apiv2][status] POST https://cloudresourcemanager.googleapis.com/v1/projects/expense-tracker-c811f:testIamPermissions 200
[debug] [2024-03-08T19:21:59.837Z] <<< [apiv2][body] POST https://cloudresourcemanager.googleapis.com/v1/projects/expense-tracker-c811f:testIamPermissions {"permissions":["firebase.projects.get"]}
[debug] [2024-03-08T19:21:59.838Z] >>> [apiv2][query] GET https://serviceusage.googleapis.com/v1/projects/expense-tracker-c811f/services/cloudfunctions.googleapis.com [none]
[debug] [2024-03-08T19:21:59.839Z] >>> [apiv2][(partial)header] GET https://serviceusage.googleapis.com/v1/projects/expense-tracker-c811f/services/cloudfunctions.googleapis.com x-goog-quota-user=projects/expense-tracker-c811f
[debug] [2024-03-08T19:21:59.845Z] >>> [apiv2][query] GET https://serviceusage.googleapis.com/v1/projects/expense-tracker-c811f/services/runtimeconfig.googleapis.com [none]
[debug] [2024-03-08T19:21:59.845Z] >>> [apiv2][(partial)header] GET https://serviceusage.googleapis.com/v1/projects/expense-tracker-c811f/services/runtimeconfig.googleapis.com x-goog-quota-user=projects/expense-tracker-c811f
[debug] [2024-03-08T19:22:01.683Z] <<< [apiv2][status] GET https://serviceusage.googleapis.com/v1/projects/expense-tracker-c811f/services/runtimeconfig.googleapis.com 200
[debug] [2024-03-08T19:22:01.684Z] <<< [apiv2][body] GET https://serviceusage.googleapis.com/v1/projects/expense-tracker-c811f/services/runtimeconfig.googleapis.com [omitted]
[debug] [2024-03-08T19:22:01.686Z] <<< [apiv2][status] GET https://serviceusage.googleapis.com/v1/projects/expense-tracker-c811f/services/cloudfunctions.googleapis.com 200
[debug] [2024-03-08T19:22:01.686Z] <<< [apiv2][body] GET https://serviceusage.googleapis.com/v1/projects/expense-tracker-c811f/services/cloudfunctions.googleapis.com [omitted]
[debug] [2024-03-08T19:22:01.688Z] >>> [apiv2][query] POST https://serviceusage.googleapis.com/v1/projects/expense-tracker-c811f/services/cloudfunctions.googleapis.com:enable [none]
[debug] [2024-03-08T19:22:01.689Z] >>> [apiv2][(partial)header] POST https://serviceusage.googleapis.com/v1/projects/expense-tracker-c811f/services/cloudfunctions.googleapis.com:enable x-goog-quota-user=projects/expense-tracker-c811f
[debug] [2024-03-08T19:22:03.726Z] <<< [apiv2][status] POST https://serviceusage.googleapis.com/v1/projects/expense-tracker-c811f/services/cloudfunctions.googleapis.com:enable 200
[debug] [2024-03-08T19:22:03.726Z] <<< [apiv2][body] POST https://serviceusage.googleapis.com/v1/projects/expense-tracker-c811f/services/cloudfunctions.googleapis.com:enable [omitted]
[debug] [2024-03-08T19:22:13.735Z] >>> [apiv2][query] GET https://serviceusage.googleapis.com/v1/projects/expense-tracker-c811f/services/cloudfunctions.googleapis.com [none]
[debug] [2024-03-08T19:22:13.735Z] >>> [apiv2][(partial)header] GET https://serviceusage.googleapis.com/v1/projects/expense-tracker-c811f/services/cloudfunctions.googleapis.com x-goog-quota-user=projects/expense-tracker-c811f
[debug] [2024-03-08T19:22:16.120Z] <<< [apiv2][status] GET https://serviceusage.googleapis.com/v1/projects/expense-tracker-c811f/services/cloudfunctions.googleapis.com 200
[debug] [2024-03-08T19:22:16.120Z] <<< [apiv2][body] GET https://serviceusage.googleapis.com/v1/projects/expense-tracker-c811f/services/cloudfunctions.googleapis.com [omitted]
[info] Let's create a new codebase for your functions.
[info] A directory corresponding to the codebase will be created in your project
[info] with sample code pre-configured.

[info] See https://firebase.google.com/docs/functions/organize-functions for
[info] more information on organizing your functions using codebases.

[info] Functions can be deployed with firebase deploy.

[debug] [2024-03-08T19:23:21.954Z] ----------------------------------------------------------------------
[debug] [2024-03-08T19:23:21.961Z] Command:       C:\Program Files\nodejs\node.exe C:\Users\Rutuja\AppData\Roaming\npm\node_modules\firebase-tools\lib\bin\firebase.js init
[debug] [2024-03-08T19:23:21.962Z] CLI Version:   13.4.0
[debug] [2024-03-08T19:23:21.963Z] Platform:      win32
[debug] [2024-03-08T19:23:21.964Z] Node Version:  v18.17.1
[debug] [2024-03-08T19:23:21.969Z] Time:          Sat Mar 09 2024 00:53:21 GMT+0530 (India Standard Time)
[debug] [2024-03-08T19:23:21.969Z] ----------------------------------------------------------------------
[debug] 
[debug] [2024-03-08T19:23:22.000Z] > command requires scopes: ["email","openid","https://www.googleapis.com/auth/cloudplatformprojects.readonly","https://www.googleapis.com/auth/firebase","https://www.googleapis.com/auth/cloud-platform"]
[debug] [2024-03-08T19:23:22.002Z] > authorizing via signed-in user (rutuja.haladkar@gmail.com)
[info] 
     ######## #### ########  ######## ########     ###     ######  ########
     ##        ##  ##     ## ##       ##     ##  ##   ##  ##       ##
     ######    ##  ########  ######   ########  #########  ######  ######
     ##        ##  ##    ##  ##       ##     ## ##     ##       ## ##
     ##       #### ##     ## ######## ########  ##     ##  ######  ########

You're about to initialize a Firebase project in this directory:

  C:\Users\Rutuja\expense tracker\expense-tracker

[info] 
=== Project Setup
[info] 
[info] First, let's associate this project directory with a Firebase project.
[info] You can create multiple project aliases by running firebase use --add, 
[info] but for now we'll just set up a default project.
[info] 
[debug] [2024-03-08T19:25:36.180Z] >>> [apiv2][query] GET https://firebase.googleapis.com/v1beta1/projects pageSize=100
[debug] [2024-03-08T19:25:37.287Z] <<< [apiv2][status] GET https://firebase.googleapis.com/v1beta1/projects 200
[debug] [2024-03-08T19:25:37.288Z] <<< [apiv2][body] GET https://firebase.googleapis.com/v1beta1/projects [omitted]
[info] i  Using project expense-tracker-c811f (expense-tracker) 
[info] 
=== Hosting Setup
[debug] [2024-03-08T19:25:38.164Z] >>> [apiv2][query] GET https://firebase.googleapis.com/v1beta1/projects/expense-tracker-c811f [none]
[debug] [2024-03-08T19:25:38.593Z] <<< [apiv2][status] GET https://firebase.googleapis.com/v1beta1/projects/expense-tracker-c811f 200
[debug] [2024-03-08T19:25:38.594Z] <<< [apiv2][body] GET https://firebase.googleapis.com/v1beta1/projects/expense-tracker-c811f {"projectId":"expense-tracker-c811f","projectNumber":"373525816352","displayName":"expense-tracker","name":"projects/expense-tracker-c811f","resources":{"hostingSite":"expense-tracker-c811f"},"state":"ACTIVE","etag":"1_341023b3-7637-4004-aed7-baa073c8d4fb"}
[info] 
[info] Your public directory is the folder (relative to your project directory) that
[info] will contain Hosting assets to be uploaded with firebase deploy. If you
[info] have a build process for your assets, use your build's output directory.
[info] 
[debug] [2024-03-08T19:26:38.007Z] ----------------------------------------------------------------------
[debug] [2024-03-08T19:26:38.011Z] Command:       C:\Program Files\nodejs\node.exe C:\Users\Rutuja\AppData\Roaming\npm\node_modules\firebase-tools\lib\bin\firebase.js init
[debug] [2024-03-08T19:26:38.012Z] CLI Version:   13.4.0
[debug] [2024-03-08T19:26:38.013Z] Platform:      win32
[debug] [2024-03-08T19:26:38.014Z] Node Version:  v18.17.1
[debug] [2024-03-08T19:26:38.017Z] Time:          Sat Mar 09 2024 00:56:38 GMT+0530 (India Standard Time)
[debug] [2024-03-08T19:26:38.018Z] ----------------------------------------------------------------------
[debug] 
[debug] [2024-03-08T19:26:38.038Z] > command requires scopes: ["email","openid","https://www.googleapis.com/auth/cloudplatformprojects.readonly","https://www.googleapis.com/auth/firebase","https://www.googleapis.com/auth/cloud-platform"]
[debug] [2024-03-08T19:26:38.039Z] > authorizing via signed-in user (rutuja.haladkar@gmail.com)
[info] 
     ######## #### ########  ######## ########     ###     ######  ########
     ##        ##  ##     ## ##       ##     ##  ##   ##  ##       ##
     ######    ##  ########  ######   ########  #########  ######  ######
     ##        ##  ##    ##  ##       ##     ## ##     ##       ## ##
     ##       #### ##     ## ######## ########  ##     ##  ######  ########

You're about to initialize a Firebase project in this directory:

  C:\Users\Rutuja\expense tracker\expense-tracker

[info] 
=== Project Setup
[info] 
[info] First, let's associate this project directory with a Firebase project.
[info] You can create multiple project aliases by running firebase use --add, 
[info] but for now we'll just set up a default project.
[info] 
[debug] [2024-03-08T19:27:47.160Z] >>> [apiv2][query] GET https://firebase.googleapis.com/v1beta1/projects pageSize=100
[debug] [2024-03-08T19:27:48.202Z] <<< [apiv2][status] GET https://firebase.googleapis.com/v1beta1/projects 200
[debug] [2024-03-08T19:27:48.203Z] <<< [apiv2][body] GET https://firebase.googleapis.com/v1beta1/projects [omitted]
[info] i  Using project expense-tracker-c811f (expense-tracker) 
[info] 
=== Hosting Setup
[debug] [2024-03-08T19:27:49.752Z] >>> [apiv2][query] GET https://firebase.googleapis.com/v1beta1/projects/expense-tracker-c811f [none]
[debug] [2024-03-08T19:27:50.204Z] <<< [apiv2][status] GET https://firebase.googleapis.com/v1beta1/projects/expense-tracker-c811f 200
[debug] [2024-03-08T19:27:50.204Z] <<< [apiv2][body] GET https://firebase.googleapis.com/v1beta1/projects/expense-tracker-c811f {"projectId":"expense-tracker-c811f","projectNumber":"373525816352","displayName":"expense-tracker","name":"projects/expense-tracker-c811f","resources":{"hostingSite":"expense-tracker-c811f"},"state":"ACTIVE","etag":"1_341023b3-7637-4004-aed7-baa073c8d4fb"}
[info] 
[info] Your public directory is the folder (relative to your project directory) that
[info] will contain Hosting assets to be uploaded with firebase deploy. If you
[info] have a build process for your assets, use your build's output directory.
[info] 
[info] +  Wrote public/404.html 
[debug] [2024-03-08T19:28:31.525Z] >>> [apiv2][query] GET https://www.gstatic.com/firebasejs/releases.json [none]
[debug] [2024-03-08T19:28:31.660Z] <<< [apiv2][status] GET https://www.gstatic.com/firebasejs/releases.json 200
[debug] [2024-03-08T19:28:31.661Z] <<< [apiv2][body] GET https://www.gstatic.com/firebasejs/releases.json {"current":{"version":"10.8.1","browserURL":"https://www.gstatic.com/firebasejs/10.8.1/firebase.js","packageURL":"https://www.gstatic.com/firebasejs/10.8.1/firebase.tgz"},"live":{"version":"10.8","browserURL":"https://www.gstatic.com/firebasejs/live/10.8/firebase.js","packageURL":"https://www.gstatic.com/firebasejs/live/10.8/firebase.tgz"},"components":{"analytics":"https://www.gstatic.com/firebasejs/10.8.1/firebase-analytics.js","app":"https://www.gstatic.com/firebasejs/10.8.1/firebase-app.js","app-check":"https://www.gstatic.com/firebasejs/10.8.1/firebase-app-check.js","auth":"https://www.gstatic.com/firebasejs/10.8.1/firebase-auth.js","auth/cordova":"https://www.gstatic.com/firebasejs/10.8.1/firebase-auth/cordova.js","auth/web-extension":"https://www.gstatic.com/firebasejs/10.8.1/firebase-auth/web-extension.js","functions":"https://www.gstatic.com/firebasejs/10.8.1/firebase-functions.js","firestore":"https://www.gstatic.com/firebasejs/10.8.1/firebase-firestore.js","firestore/lite":"https://www.gstatic.com/firebasejs/10.8.1/firebase-firestore/lite.js","installations":"https://www.gstatic.com/firebasejs/10.8.1/firebase-installations.js","storage":"https://www.gstatic.com/firebasejs/10.8.1/firebase-storage.js","performance":"https://www.gstatic.com/firebasejs/10.8.1/firebase-performance.js","remote-config":"https://www.gstatic.com/firebasejs/10.8.1/firebase-remote-config.js","messaging":"https://www.gstatic.com/firebasejs/10.8.1/firebase-messaging.js","messaging/sw":"https://www.gstatic.com/firebasejs/10.8.1/firebase-messaging/sw.js","database":"https://www.gstatic.com/firebasejs/10.8.1/firebase-database.js","firestore.memory":"https://www.gstatic.com/firebasejs/10.8.1/firebase-firestore.memory.js"}}
[info] i  Skipping write of public/index.html 
[info] 
[info] i  Detected a .git folder at C:\Users\Rutuja\expense tracker\expense-tracker 
[info] i  Authorizing with GitHub to upload your service account to a GitHub repository's secrets store. 
[info] 
[info] Visit this URL on this device to log in:
[info] https://github.com/login/oauth/authorize?client_id=89cf50f02ac6aaed3484&state=492640724&redirect_uri=http%3A%2F%2Flocalhost%3A9005&scope=read%3Auser%20repo%20public_repo
[info] 
[info] Waiting for authentication...
[debug] [2024-03-08T19:30:10.882Z] >>> [apiv2][query] POST https://github.com/login/oauth/access_token [none]
[debug] [2024-03-08T19:30:10.883Z] >>> [apiv2][body] POST https://github.com/login/oauth/access_token [stream]
[debug] [2024-03-08T19:30:11.256Z] <<< [apiv2][status] POST https://github.com/login/oauth/access_token 200
[debug] [2024-03-08T19:30:11.256Z] <<< [apiv2][body] POST https://github.com/login/oauth/access_token {"access_token":"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","token_type":"bearer","scope":"read:user,repo"}
[debug] [2024-03-08T19:30:11.296Z] >>> [apiv2][query] GET https://api.github.com/user [none]
[debug] [2024-03-08T19:30:11.683Z] <<< [apiv2][status] GET https://api.github.com/user 200
[debug] [2024-03-08T19:30:11.684Z] <<< [apiv2][body] GET https://api.github.com/user {"login":"rutuHaladkar","id":139894505,"node_id":"U_kgDOCFae6Q","avatar_url":"https://avatars.githubusercontent.com/u/139894505?v=4","gravatar_id":"","url":"https://api.github.com/users/rutuHaladkar","html_url":"https://github.com/rutuHaladkar","followers_url":"https://api.github.com/users/rutuHaladkar/followers","following_url":"https://api.github.com/users/rutuHaladkar/following{/other_user}","gists_url":"https://api.github.com/users/rutuHaladkar/gists{/gist_id}","starred_url":"https://api.github.com/users/rutuHaladkar/starred{/owner}{/repo}","subscriptions_url":"https://api.github.com/users/rutuHaladkar/subscriptions","organizations_url":"https://api.github.com/users/rutuHaladkar/orgs","repos_url":"https://api.github.com/users/rutuHaladkar/repos","events_url":"https://api.github.com/users/rutuHaladkar/events{/privacy}","received_events_url":"https://api.github.com/users/rutuHaladkar/received_events","type":"User","site_admin":false,"name":null,"company":null,"blog":"","location":null,"email":null,"hireable":null,"bio":null,"twitter_username":null,"public_repos":1,"public_gists":0,"followers":0,"following":0,"created_at":"2023-07-18T15:50:05Z","updated_at":"2024-03-08T19:29:53Z","private_gists":0,"total_private_repos":1,"owned_private_repos":1,"disk_usage":7,"collaborators":0,"two_factor_authentication":false,"plan":{"name":"free","space":976562499,"collaborators":0,"private_repos":10000}}
[info] 
[info] +  Success! Logged into GitHub as rutuHaladkar 
[info] 
